<?xml version="1.0" encoding="UTF-8"?>
<testsuite name="org.bedu.java.backend.Postwork.PostworkApplicationTests" tests="1" skipped="0" failures="0" errors="0" timestamp="2023-03-17T21:33:12" hostname="P211400MJ0ES0Q5" time="0.405">
  <properties/>
  <testcase name="contextLoads()" classname="org.bedu.java.backend.Postwork.PostworkApplicationTests" time="0.405"/>
  <system-out><![CDATA[15:33:10.273 [Test worker] DEBUG org.springframework.test.context.BootstrapUtils - Instantiating CacheAwareContextLoaderDelegate from class [org.springframework.test.context.cache.DefaultCacheAwareContextLoaderDelegate]
15:33:10.284 [Test worker] DEBUG org.springframework.test.context.BootstrapUtils - Instantiating BootstrapContext using constructor [public org.springframework.test.context.support.DefaultBootstrapContext(java.lang.Class,org.springframework.test.context.CacheAwareContextLoaderDelegate)]
15:33:10.316 [Test worker] DEBUG org.springframework.test.context.BootstrapUtils - Instantiating TestContextBootstrapper for test class [org.bedu.java.backend.Postwork.PostworkApplicationTests] from class [org.springframework.boot.test.context.SpringBootTestContextBootstrapper]
15:33:10.326 [Test worker] INFO org.springframework.boot.test.context.SpringBootTestContextBootstrapper - Neither @ContextConfiguration nor @ContextHierarchy found for test class [org.bedu.java.backend.Postwork.PostworkApplicationTests], using SpringBootContextLoader
15:33:10.330 [Test worker] DEBUG org.springframework.test.context.support.AbstractContextLoader - Did not detect default resource location for test class [org.bedu.java.backend.Postwork.PostworkApplicationTests]: class path resource [org/bedu/java/backend/Postwork/PostworkApplicationTests-context.xml] does not exist
15:33:10.331 [Test worker] DEBUG org.springframework.test.context.support.AbstractContextLoader - Did not detect default resource location for test class [org.bedu.java.backend.Postwork.PostworkApplicationTests]: class path resource [org/bedu/java/backend/Postwork/PostworkApplicationTestsContext.groovy] does not exist
15:33:10.331 [Test worker] INFO org.springframework.test.context.support.AbstractContextLoader - Could not detect default resource locations for test class [org.bedu.java.backend.Postwork.PostworkApplicationTests]: no resource found for suffixes {-context.xml, Context.groovy}.
15:33:10.332 [Test worker] INFO org.springframework.test.context.support.AnnotationConfigContextLoaderUtils - Could not detect default configuration classes for test class [org.bedu.java.backend.Postwork.PostworkApplicationTests]: PostworkApplicationTests does not declare any static, non-private, non-final, nested classes annotated with @Configuration.
15:33:10.386 [Test worker] DEBUG org.springframework.test.context.support.ActiveProfilesUtils - Could not find an 'annotation declaring class' for annotation type [org.springframework.test.context.ActiveProfiles] and class [org.bedu.java.backend.Postwork.PostworkApplicationTests]
15:33:10.444 [Test worker] DEBUG org.springframework.context.annotation.ClassPathScanningCandidateComponentProvider - Identified candidate component class: file [C:\Java\Fase2\Postwork\Postwork\build\classes\java\main\org\bedu\java\backend\Postwork\PostworkApplication.class]
15:33:10.445 [Test worker] INFO org.springframework.boot.test.context.SpringBootTestContextBootstrapper - Found @SpringBootConfiguration org.bedu.java.backend.Postwork.PostworkApplication for test class org.bedu.java.backend.Postwork.PostworkApplicationTests
15:33:10.549 [Test worker] DEBUG org.springframework.boot.test.context.SpringBootTestContextBootstrapper - @TestExecutionListeners is not present for class [org.bedu.java.backend.Postwork.PostworkApplicationTests]: using defaults.
15:33:10.550 [Test worker] INFO org.springframework.boot.test.context.SpringBootTestContextBootstrapper - Loaded default TestExecutionListener class names from location [META-INF/spring.factories]: [org.springframework.boot.test.autoconfigure.restdocs.RestDocsTestExecutionListener, org.springframework.boot.test.autoconfigure.web.client.MockRestServiceServerResetTestExecutionListener, org.springframework.boot.test.autoconfigure.web.servlet.MockMvcPrintOnlyOnFailureTestExecutionListener, org.springframework.boot.test.autoconfigure.web.servlet.WebDriverTestExecutionListener, org.springframework.boot.test.autoconfigure.webservices.client.MockWebServiceServerTestExecutionListener, org.springframework.boot.test.mock.mockito.MockitoTestExecutionListener, org.springframework.boot.test.mock.mockito.ResetMocksTestExecutionListener, org.springframework.test.context.web.ServletTestExecutionListener, org.springframework.test.context.support.DirtiesContextBeforeModesTestExecutionListener, org.springframework.test.context.event.ApplicationEventsTestExecutionListener, org.springframework.test.context.support.DependencyInjectionTestExecutionListener, org.springframework.test.context.support.DirtiesContextTestExecutionListener, org.springframework.test.context.transaction.TransactionalTestExecutionListener, org.springframework.test.context.jdbc.SqlScriptsTestExecutionListener, org.springframework.test.context.event.EventPublishingTestExecutionListener]
15:33:10.561 [Test worker] DEBUG org.springframework.boot.test.context.SpringBootTestContextBootstrapper - Skipping candidate TestExecutionListener [org.springframework.test.context.transaction.TransactionalTestExecutionListener] due to a missing dependency. Specify custom listener classes or make the default listener classes and their required dependencies available. Offending class: [org/springframework/transaction/interceptor/TransactionAttributeSource]
15:33:10.562 [Test worker] DEBUG org.springframework.boot.test.context.SpringBootTestContextBootstrapper - Skipping candidate TestExecutionListener [org.springframework.test.context.jdbc.SqlScriptsTestExecutionListener] due to a missing dependency. Specify custom listener classes or make the default listener classes and their required dependencies available. Offending class: [org/springframework/transaction/interceptor/TransactionAttribute]
15:33:10.562 [Test worker] INFO org.springframework.boot.test.context.SpringBootTestContextBootstrapper - Using TestExecutionListeners: [org.springframework.test.context.web.ServletTestExecutionListener@31c269fd, org.springframework.test.context.support.DirtiesContextBeforeModesTestExecutionListener@372b0d86, org.springframework.test.context.event.ApplicationEventsTestExecutionListener@47747fb9, org.springframework.boot.test.mock.mockito.MockitoTestExecutionListener@3113a37, org.springframework.boot.test.autoconfigure.SpringBootDependencyInjectionTestExecutionListener@213e3629, org.springframework.test.context.support.DirtiesContextTestExecutionListener@4e9658b5, org.springframework.test.context.event.EventPublishingTestExecutionListener@2a7b6f69, org.springframework.boot.test.autoconfigure.restdocs.RestDocsTestExecutionListener@20312893, org.springframework.boot.test.autoconfigure.web.client.MockRestServiceServerResetTestExecutionListener@70eecdc2, org.springframework.boot.test.autoconfigure.web.servlet.MockMvcPrintOnlyOnFailureTestExecutionListener@c41709a, org.springframework.boot.test.autoconfigure.web.servlet.WebDriverTestExecutionListener@7db0565c, org.springframework.boot.test.autoconfigure.webservices.client.MockWebServiceServerTestExecutionListener@54ec8cc9, org.springframework.boot.test.mock.mockito.ResetMocksTestExecutionListener@52eacb4b]
15:33:10.569 [Test worker] DEBUG org.springframework.test.context.support.AbstractDirtiesContextTestExecutionListener - Before test class: context [DefaultTestContext@781e7326 testClass = PostworkApplicationTests, testInstance = [null], testMethod = [null], testException = [null], mergedContextConfiguration = [WebMergedContextConfiguration@22680f52 testClass = PostworkApplicationTests, locations = '{}', classes = '{class org.bedu.java.backend.Postwork.PostworkApplication}', contextInitializerClasses = '[]', activeProfiles = '{}', propertySourceLocations = '{}', propertySourceProperties = '{org.springframework.boot.test.context.SpringBootTestContextBootstrapper=true}', contextCustomizers = set[org.springframework.boot.test.autoconfigure.actuate.metrics.MetricsExportContextCustomizerFactory$DisableMetricExportContextCustomizer@36f48b4, org.springframework.boot.test.autoconfigure.properties.PropertyMappingContextCustomizer@0, org.springframework.boot.test.autoconfigure.web.servlet.WebDriverContextCustomizerFactory$Customizer@6cfcd46d, org.springframework.boot.test.context.filter.ExcludeFilterContextCustomizer@26425897, org.springframework.boot.test.json.DuplicateJsonObjectContextCustomizerFactory$DuplicateJsonObjectContextCustomizer@20a8a64e, org.springframework.boot.test.mock.mockito.MockitoContextCustomizer@0, org.springframework.boot.test.web.client.TestRestTemplateContextCustomizer@3e5499cc, org.springframework.boot.test.context.SpringBootTestArgs@1, org.springframework.boot.test.context.SpringBootTestWebEnvironment@389b0789], resourceBasePath = 'src/main/webapp', contextLoader = 'org.springframework.boot.test.context.SpringBootContextLoader', parent = [null]], attributes = map['org.springframework.test.context.web.ServletTestExecutionListener.activateListener' -> true]], class annotated with @DirtiesContext [false] with mode [null].

  .   ____          _            __ _ _
 /\\ / ___'_ __ _ _(_)_ __  __ _ \ \ \ \
( ( )\___ | '_ | '_| | '_ \/ _` | \ \ \ \
 \\/  ___)| |_)| | | | | || (_| |  ) ) ) )
  '  |____| .__|_| |_|_| |_\__, | / / / /
 =========|_|==============|___/=/_/_/_/
 :: Spring Boot ::                (v2.7.9)

2023-03-17 15:33:10.906  INFO 10512 --- [    Test worker] o.b.j.b.P.PostworkApplicationTests       : Starting PostworkApplicationTests using Java 11.0.17 on P211400MJ0ES0Q5 with PID 10512 (started by ricardo.rios in C:\Java\Fase2\Postwork\Postwork)
2023-03-17 15:33:10.907  INFO 10512 --- [    Test worker] o.b.j.b.P.PostworkApplicationTests       : No active profile set, falling back to 1 default profile: "default"
2023-03-17 15:33:12.424  INFO 10512 --- [    Test worker] o.s.b.a.w.s.WelcomePageHandlerMapping    : Adding welcome page template: index
2023-03-17 15:33:12.802  INFO 10512 --- [    Test worker] o.b.j.b.P.PostworkApplicationTests       : Started PostworkApplicationTests in 2.194 seconds (JVM running for 3.346)
]]></system-out>
  <system-err><![CDATA[]]></system-err>
</testsuite>
